TestHow.To.Make.Millions.Before.Grandma.Dies.2024.ViE.DuB.1080p.NF.WEB-DL.DDP5.1.x264-c0kE.mkv|FHD_THA_TestHow.To.Make.Millions.Before.Grandma.Dies.2024.ViE.DuB.1080p.NF.WEB-DL.DDP5.1.x264-c0kE.mkv|2024-11-30 17:28:58
FHD_THA_TestHow.To.Make.Millions.Before.Grandma.Dies.2024.ViE.DuB.1080p.NF.WEB-DL.DDP5.1.x264-c0kE.mkv|FHD_THA_FHD_THA_TestHow.To.Make.Millions.Before.Grandma.Dies.2024.ViE.DuB.1080p.NF.WEB-DL.DDP5.1.x264-c0kE.mkv|2024-11-30 17:30:29
FHD_THA_FHD_THA_FHD_THA_TestHow.To.Make.Millions.Before.Grandma.Dies.2024.ViE.DuB.1080p.NF.WEB-DL.DDP5.1.x264-c0kE.mkv|FHD_THA_FHD_THA_FHD_THA_FHD_THA_TestHow.To.Make.Millions.Before.Grandma.Dies.2024.ViE.DuB.1080p.NF.WEB-DL.DDP5.1.x264-c0kE.mkv|2024-11-30 17:40:56
Testttt_Rally.Road.Racers.2023.ViE.DUB.1080p.GLP.WEB-DL.H264.AAC2.0.mkv|Testttt_Rally.Road.Racers.2023.ViE.DUB.1080p.GLP.WEB-DL.H264.AAC2.0.srt|2024-11-30 17:48:13|4108379925_5524.117000
Puss.In.Boots.2011.ViE.DUB.1080p.NF.WEB-DL.DDP5.1.x264.mkv|Puss.In.Boots.2011.ViE.DUB.1080p.NF.WEB-DL.DDP5.1.x264.srt|2024-11-30 17:56:40|2489776247_5550.752000
Puss.In.Boots.2011.ViE.DUB.1080p.NF.WEB-DL.DDP5.1.x264.mkv|FHD_ENG_Puss.In.Boots.2011.ViE.DUB.1080p.NF.WEB-DL.DDP5.1.x264.mkv|2024-11-30 17:56:49|
Link2_Movies_-_Boss_Maam_2024_1080p_Tagalog_WEB.DL_HEVC.x265.mkv|FHD_TGL_Link2_Movies_-_Boss_Maam_2024_1080p_Tagalog_WEB.DL_HEVC.x265.mkv|2024-11-30 17:58:53|
Di.Renjie.and.Fire.Unicorn.2022.2160p.WEB-DL.H265.AAC-CHDWEB_1.mkv|Di.Renjie.and.Fire.Unicorn.2022.2160p.WEB-DL.H265.AAC-CHDWEB_1.srt|2024-12-01 00:31:46|1594582005_5138.300000
_2024_Doraemon_Nobita_Và_Bản_Giao_Hưởng_Địa_Cầu_-_Doraemon_the_Movie_43_Nobitas_Earth_Symphony_2024_ViE-DUB_1080p_BDRip_HEVC_AAC_10bit_TM_-_Vietsub_.mkv|FHD_VIE_Lồng tiếng thu rạp @JenkaStudio__2024_Doraemon_Nobita_Và_Bản_Giao_Hưởng_Địa_Cầu_-_Doraemon_the_Movie_43_Nobitas_Earth_Symphony_2024_ViE-DUB_1080p_BDRip_HEVC_AAC_10bit_TM_-_Vietsub_.mkv|2024-12-01 00:49:24|
Mission.Impossible.Dead.Reckoning.Part.One.2023.ViE.2160p.UHD.Blu-ray.REMUX.DV.HDR.HEVC.TrueHD.7.1.Atmos-c0kE.mkv|4K_ENG_Mission.Impossible.Dead.Reckoning.Part.One.2023.ViE.2160p.UHD.Blu-ray.REMUX.DV.HDR.HEVC.TrueHD.7.1.Atmos-c0kE.mkv|2024-12-01 02:16:10|
Mission_Impossible_V_Rogue_Nation_2015_ViE_2160p_UHD_Bluray_REMUX_HEVC_HDR_DV_Atmos_TrueHD_7.1-3CT.mkv|4K_ENG_Mission_Impossible_V_Rogue_Nation_2015_ViE_2160p_UHD_Bluray_REMUX_HEVC_HDR_DV_Atmos_TrueHD_7.1-3CT.mkv|2024-12-01 02:40:25|
(Vietsub) Flavors.of.Youth.2018.1080p.NF.WEB-DL.DD.2.0.H.264-NhanNguyen.mkv|(Vietsub) Flavors.of.Youth.2018.1080p.NF.WEB-DL.DD.2.0.H.264-NhanNguyen.srt|2024-12-01 22:44:37|3901484173_4448.416000
(Vietsub) The.Imaginary.2023.1080p.WEB-DL.DDP.5.1.H.264-NhanNguyen.mkv|(Vietsub) The.Imaginary.2023.1080p.WEB-DL.DDP.5.1.H.264-NhanNguyen.srt|2024-12-01 22:45:29|4645201885_6592.448000
Frozen.2013.ViE.DUB.1080p.BluRay.DV.P8.DD_7.1.HDR.x265-Chips.mkv|Frozen.2013.ViE.DUB.1080p.BluRay.DV.P8.DD_7.1.HDR.x265-Chips.srt|2024-12-01 22:48:37|16235028224_6132.896000
Frozen.2013.ViE.DUB.1080p.BluRay.DV.P8.DD_7.1.HDR.x265-Chips.mkv|FHD_ENG_Frozen.2013.ViE.DUB.1080p.BluRay.DV.P8.DD_7.1.HDR.x265-Chips.mkv|2024-12-01 22:56:58|
(Vietsub - 2 Thuyết Minh) Cars.2006.ViE.2160p.UHD.HYBRID.Bluray.REMUX.HEVC.DV.HDR.TrueHD.Atmos.7.1-NhanNguyen.mkv|(Vietsub - 2 Thuyết Minh) Cars.2006.ViE.2160p.UHD.HYBRID.Bluray.REMUX.HEVC.DV.HDR.TrueHD.Atmos.7.1-N.srt|2024-12-03 09:22:57|43655255672_7006.720000
(Vietsub - 2 Thuyết Minh) Cars.2006.ViE.2160p.UHD.HYBRID.Bluray.REMUX.HEVC.DV.HDR.TrueHD.Atmos.7.1-NhanNguyen.mkv|4K_ENG_(Vietsub - 2 Thuyết Minh) Cars.2006.ViE.2160p.UHD.HYBRID.Bluray.REMUX.HEVC.DV.HDR.TrueHD.Atmos.7.1-NhanNguyen.mkv|2024-12-03 09:46:20|
_2024_Doraemon_Nobita_Và_Bản_Giao_Hưởng_Địa_Cầu_-_Doraemon_the_Movie_43_Nobitas_Earth_Symphony_2024_ViE-DUB_1080p_BDRip_HEVC_AAC_10bit_TM_-_Vietsub__2.mkv|FHD_VIE_Lồng tiếng thu rạp @JenkaStudio__2024_Doraemon_Nobita_Và_Bản_Giao_Hưởng_Địa_Cầu_-_Doraemon_the_Movie_43_Nobitas_Earth_Symphony_2024_ViE-DUB_1080p_BDRip_HEVC_AAC_10bit_TM_-_Vietsub__2.mkv|2024-12-03 09:51:04|
(Vietsub - Thuyết Minh) Cars.2.2011.ViE.2160p.UHD.HYBRID.BluRay.REMUX.HEVC.DV.HDR.TrueHD.Atmos.7.1-NhanNguyen.mkv|(Vietsub - Thuyết Minh) Cars.2.2011.ViE.2160p.UHD.HYBRID.BluRay.REMUX.HEVC.DV.HDR.TrueHD.Atmos.7.1-N.srt|2024-12-03 14:55:28|41240583798_6422.370000
(Vietsub - Thuyết Minh) Cars.2.2011.ViE.2160p.UHD.HYBRID.BluRay.REMUX.HEVC.DV.HDR.TrueHD.Atmos.7.1-NhanNguyen.mkv|4K_VIE_Thuyết Minh tiếng Nam_(Vietsub - Thuyết Minh) Cars.2.2011.ViE.2160p.UHD.HYBRID.BluRay.REMUX.HEVC.DV.HDR.TrueHD.Atmos.7.1-NhanNguyen.mkv|2024-12-03 15:19:40|
(Vietsub - Thuyết Minh) Hachiko.A.Dog's.Story.2009.1080p.Bluray.REMUX.AVC.DTS-HD.MA.5.1-NhanNguyen.mkv|(Vietsub - Thuyết Minh) Hachiko.A.Dog's.Story.2009.1080p.Bluray.REMUX.AVC.DTS-HD.MA.5.1-NhanNguyen.srt|2024-12-03 20:47:21|19660659638_5594.592000
(Vietsub - Thuyết Minh) Hachiko.A.Dog's.Story.2009.1080p.Bluray.REMUX.AVC.DTS-HD.MA.5.1-NhanNguyen.mkv|FHD_ENG_(Vietsub - Thuyết Minh) Hachiko.A.Dog's.Story.2009.1080p.Bluray.REMUX.AVC.DTS-HD.MA.5.1-NhanNguyen.mkv|2024-12-03 20:59:04|
(Vietsub) A.Love.Story.of.Assassin.2024.2160p.EDR.WEB-DL.DDP2.0.H265-ParkHD_SGLAF2MQKCPAZW8.mkv|(Vietsub) A.Love.Story.of.Assassin.2024.2160p.EDR.WEB-DL.DDP2.0.H265-ParkHD_SGLAF2MQKCPAZW8.srt|2024-12-04 08:59:33|8216049527_5140.155000
(Vietsub) A.Love.Story.of.Assassin.2024.2160p.EDR.WEB-DL.DDP2.0.H265-ParkHD_SGLAF2MQKCPAZW8.mkv|(Vietsub) A.Love.Story.of.Assassin.2024.2160p.EDR.WEB-DL.DDP2.0.H265-ParkHD_SGLAF2MQKCPAZW8.srt|2024-12-04 09:00:58|8216049527_5140.155000
(Vietsub) To.the.Solitary.Me.Who.Loved.You.2022.1080p.Bluray.REMUX.AVC.DTS-HD.MA.5.1-NhanNguyen.mkv|(Vietsub) To.the.Solitary.Me.Who.Loved.You.2022.1080p.Bluray.REMUX.AVC.DTS-HD.MA.5.1-NhanNguyen.srt|2024-12-04 09:03:44|18734355051_5919.915000
(Vietsub) To.the.Solitary.Me.Who.Loved.You.2022.1080p.Bluray.REMUX.AVC.DTS-HD.MA.5.1-NhanNguyen.mkv|(Vietsub) To.the.Solitary.Me.Who.Loved.You.2022.1080p.Bluray.REMUX.AVC.DTS-HD.MA.5.1-NhanNguyen.srt|2024-12-04 09:39:44|18734355051_5919.915000
Nhị_Lang_Thần_Thâm_Hải_Giao_Long_-_God.with.Three.Eyes.2024.ViE.2160p.HQ.WEB-DL.H265.60fps.DDP5.1-DreamHD.mkv|4K_VIE_zinzuno_Nhị_Lang_Thần_Thâm_Hải_Giao_Long_-_God.with.Three.Eyes.2024.ViE.2160p.HQ.WEB-DL.H265.60fps.DDP5.1-DreamHD.mkv|2024-12-04 09:49:22|
